TN:
SF:components/global-config.tsx
FNF:0
FNH:0
DA:1,3
DA:3,3
DA:4,3
LF:3
LH:3
BRDA:1,0,0,3
BRDA:1,0,1,3
BRF:2
BRH:2
end_of_record
TN:
SF:components/api/data-api.tsx
FN:7,(anonymous_0)
FN:24,(anonymous_1)
FN:32,updateData
FN:58,(anonymous_3)
FN:66,pullData
FN:83,(anonymous_5)
FNF:6
FNH:6
FNDA:5,(anonymous_0)
FNDA:1,(anonymous_1)
FNDA:5,updateData
FNDA:1,(anonymous_3)
FNDA:5,pullData
FNDA:1,(anonymous_5)
DA:7,2
DA:13,5
DA:15,4
DA:16,4
DA:24,3
DA:25,3
DA:27,1
DA:28,1
DA:40,5
DA:42,4
DA:43,4
DA:58,3
DA:59,3
DA:61,1
DA:62,1
DA:72,5
DA:74,4
DA:75,4
DA:83,3
DA:84,3
DA:86,1
DA:87,1
LF:22
LH:22
BRDA:13,0,0,1
BRDA:13,0,1,4
BRDA:40,1,0,1
BRDA:40,1,1,4
BRDA:72,2,0,1
BRDA:72,2,1,4
BRF:6
BRH:6
end_of_record
TN:
SF:components/api/tier-api.tsx
FN:7,(anonymous_0)
FN:24,(anonymous_1)
FN:32,updateTiers
FN:51,(anonymous_3)
FNF:4
FNH:4
FNDA:6,(anonymous_0)
FNDA:1,(anonymous_1)
FNDA:5,updateTiers
FNDA:1,(anonymous_3)
DA:7,2
DA:13,6
DA:15,5
DA:16,5
DA:24,4
DA:25,4
DA:27,1
DA:28,1
DA:39,5
DA:41,4
DA:42,4
DA:51,3
DA:52,3
DA:54,1
DA:55,1
LF:15
LH:15
BRDA:13,0,0,1
BRDA:13,0,1,5
BRDA:39,1,0,1
BRDA:39,1,1,4
BRF:4
BRH:4
end_of_record
TN:
SF:components/contexts/auth-context.tsx
FN:21,AuthProvider
FN:32,(anonymous_1)
FN:33,(anonymous_2)
FN:60,(anonymous_3)
FN:67,(anonymous_4)
FN:77,(anonymous_5)
FN:85,(anonymous_6)
FN:100,useAuth
FNF:8
FNH:8
FNDA:30,AuthProvider
FNDA:13,(anonymous_1)
FNDA:13,(anonymous_2)
FNDA:4,(anonymous_3)
FNDA:4,(anonymous_4)
FNDA:3,(anonymous_5)
FNDA:6,(anonymous_6)
FNDA:33,useAuth
DA:19,2
DA:22,30
DA:23,30
DA:24,30
DA:25,30
DA:26,30
DA:27,30
DA:29,30
DA:32,30
DA:33,13
DA:34,13
DA:35,13
DA:36,3
DA:37,3
DA:38,3
DA:41,10
DA:42,10
DA:43,2
DA:44,2
DA:45,2
DA:48,8
DA:49,8
DA:50,8
DA:51,8
DA:52,8
DA:54,8
DA:59,5
DA:61,4
DA:62,3
DA:63,2
DA:64,1
DA:65,1
DA:68,4
DA:72,8
DA:74,13
DA:77,30
DA:78,3
DA:79,3
DA:80,3
DA:81,3
DA:82,3
DA:85,30
DA:86,6
DA:87,6
DA:88,6
DA:89,6
DA:90,6
DA:93,30
DA:101,33
DA:102,33
DA:103,2
DA:105,30
LF:52
LH:52
BRDA:35,0,0,3
BRDA:35,0,1,10
BRDA:42,1,0,2
BRDA:42,1,1,8
BRDA:42,2,0,10
BRDA:42,2,1,9
BRDA:54,3,0,5
BRDA:54,3,1,3
BRDA:55,4,0,8
BRDA:55,4,1,8
BRDA:55,4,2,7
BRDA:61,5,0,1
BRDA:61,5,1,3
BRDA:62,6,0,1
BRDA:62,6,1,2
BRDA:63,7,0,1
BRDA:63,7,1,1
BRDA:81,8,0,3
BRDA:81,8,1,0
BRDA:102,9,0,2
BRDA:102,9,1,31
BRF:21
BRH:20
end_of_record
TN:
SF:components/data-providers/abstract-data-provider.tsx
FN:12,(anonymous_0)
FN:13,(anonymous_1)
FN:27,(anonymous_2)
FN:28,(anonymous_3)
FN:42,(anonymous_4)
FN:43,(anonymous_5)
FN:54,(anonymous_6)
FN:55,(anonymous_7)
FNF:8
FNH:8
FNDA:6,(anonymous_0)
FNDA:6,(anonymous_1)
FNDA:6,(anonymous_2)
FNDA:6,(anonymous_3)
FNDA:5,(anonymous_4)
FNDA:5,(anonymous_5)
FNDA:5,(anonymous_6)
FNDA:5,(anonymous_7)
DA:13,6
DA:14,6
DA:15,2
DA:16,2
DA:19,4
DA:20,3
DA:21,2
DA:23,1
DA:28,6
DA:29,6
DA:30,2
DA:31,2
DA:34,4
DA:35,3
DA:36,2
DA:38,1
DA:43,5
DA:44,5
DA:45,2
DA:46,2
DA:48,3
DA:50,1
DA:55,5
DA:56,5
DA:57,2
DA:58,2
DA:60,3
DA:62,1
LF:28
LH:28
BRDA:14,0,0,2
BRDA:14,0,1,4
BRDA:14,1,0,6
BRDA:14,1,1,5
BRDA:19,2,0,1
BRDA:19,2,1,3
BRDA:20,3,0,1
BRDA:20,3,1,2
BRDA:21,4,0,1
BRDA:21,4,1,1
BRDA:29,5,0,2
BRDA:29,5,1,4
BRDA:29,6,0,6
BRDA:29,6,1,5
BRDA:34,7,0,1
BRDA:34,7,1,3
BRDA:35,8,0,1
BRDA:35,8,1,2
BRDA:36,9,0,1
BRDA:36,9,1,1
BRDA:44,10,0,2
BRDA:44,10,1,3
BRDA:44,11,0,5
BRDA:44,11,1,4
BRDA:48,12,0,2
BRDA:48,12,1,1
BRDA:48,13,0,1
BRDA:48,13,1,1
BRDA:56,14,0,2
BRDA:56,14,1,3
BRDA:56,15,0,5
BRDA:56,15,1,4
BRDA:60,16,0,2
BRDA:60,16,1,1
BRDA:60,17,0,1
BRDA:60,17,1,1
BRF:36
BRH:36
end_of_record
TN:
SF:components/data-providers/data-provider.tsx
FN:25,getProviderByName
FNF:1
FNH:1
FNDA:7,getProviderByName
DA:17,1
DA:26,7
DA:27,7
DA:28,5
LF:4
LH:4
BRDA:27,0,0,2
BRDA:27,0,1,5
BRF:2
BRH:2
end_of_record
TN:
SF:components/data-providers/anilist/anilist-anime-data-provider.tsx
FN:4,(anonymous_0)
FNF:1
FNH:1
FNDA:1,(anonymous_0)
DA:5,1
LF:1
LH:1
BRF:0
BRH:0
end_of_record
TN:
SF:components/data-providers/anilist/anilist-data-provider.tsx
FN:4,(anonymous_0)
FNF:1
FNH:1
FNDA:2,(anonymous_0)
DA:5,2
LF:1
LH:1
BRF:0
BRH:0
end_of_record
TN:
SF:components/data-providers/anilist/anilist-manga-data-provider.tsx
FN:4,(anonymous_0)
FNF:1
FNH:1
FNDA:1,(anonymous_0)
DA:5,1
LF:1
LH:1
BRF:0
BRH:0
end_of_record
TN:
SF:components/data-providers/trakt/trakt-data-provider.tsx
FN:4,(anonymous_0)
FNF:1
FNH:1
FNDA:3,(anonymous_0)
DA:5,3
LF:1
LH:1
BRF:0
BRH:0
end_of_record
TN:
SF:components/data-providers/trakt/trakt-movies-data-provider.tsx
FN:4,(anonymous_0)
FNF:1
FNH:1
FNDA:1,(anonymous_0)
DA:5,1
LF:1
LH:1
BRF:0
BRH:0
end_of_record
TN:
SF:components/data-providers/trakt/trakt-tv-shows-data-provider.tsx
FN:4,(anonymous_0)
FNF:1
FNH:1
FNDA:1,(anonymous_0)
DA:5,1
LF:1
LH:1
BRF:0
BRH:0
end_of_record
TN:
SF:components/data-providers/trakt/trakt-tvshows-seasons-data-provider.tsx
FN:4,(anonymous_0)
FNF:1
FNH:1
FNDA:1,(anonymous_0)
DA:5,1
LF:1
LH:1
BRF:0
BRH:0
end_of_record
TN:
SF:components/model/defaults.tsx
FN:3,getDefaultTiers
FNF:1
FNH:1
FNDA:1,getDefaultTiers
DA:4,1
LF:1
LH:1
BRF:0
BRH:0
end_of_record
TN:
SF:components/tierlist/tier-mapper.tsx
FN:3,assignTiersAndGroupEntriesByTier
FN:10,(anonymous_1)
FN:30,(anonymous_2)
FN:35,groupBySingle
FN:37,(anonymous_4)
FN:41,sortByName
FNF:6
FNH:6
FNDA:11,assignTiersAndGroupEntriesByTier
FNDA:15,(anonymous_1)
FNDA:15,(anonymous_2)
FNDA:5,groupBySingle
FNDA:7,(anonymous_4)
FNDA:12,sortByName
DA:5,11
DA:6,11
DA:7,11
DA:9,11
DA:10,15
DA:12,11
DA:13,20
DA:14,15
DA:15,15
DA:17,15
DA:18,15
DA:19,15
DA:22,15
DA:23,15
DA:25,5
DA:26,5
DA:30,15
DA:32,11
DA:36,5
DA:37,7
DA:38,5
DA:42,12
DA:43,12
DA:44,12
LF:24
LH:24
BRDA:12,0,0,11
BRDA:12,0,1,22
BRDA:13,1,0,15
BRDA:13,1,1,5
BRDA:17,2,0,15
BRDA:17,2,1,0
BRDA:44,3,0,7
BRDA:44,3,1,5
BRDA:44,4,0,4
BRDA:44,4,1,1
BRF:10
BRH:9
end_of_record
TN:
SF:tests/mocks/jwt-decoder.ts
FN:3,(anonymous_0)
FNF:1
FNH:1
FNDA:3,(anonymous_0)
DA:3,1
DA:4,3
DA:5,0
DA:8,3
LF:4
LH:3
BRDA:4,0,0,0
BRDA:4,0,1,3
BRDA:4,1,0,3
BRDA:4,1,1,3
BRF:4
BRH:3
end_of_record
